<?xml version="1.0" encoding="UTF-8"?>
<!-- Generated by org.testng.reporters.JUnitXMLReporter -->
<testsuite hostname="Vijay-PC" ignored="0" name="Default test" tests="7" failures="0" timestamp="20 Oct 2020 02:35:47 GMT" time="22.502" errors="0">
  <testcase name="test01" time="21.511" classname="com.tusharTest.LoginTest"/>
  <testcase name="homeTest" time="0.347" classname="com.tusharTest.LoginTest"/>
  <testcase name="adduserTest" time="0.359" classname="com.tusharTest.LoginTest"/>
  <testcase name="verifyUsernameLable" time="0.089" classname="com.tusharTest.LoginTest"/>
  <testcase name="verifyMobile" time="0.051" classname="com.tusharTest.LoginTest"/>
  <testcase name="verifyEmail" time="0.046" classname="com.tusharTest.LoginTest"/>
  <testcase name="verifyCourse" time="0.047" classname="com.tusharTest.LoginTest"/>
</testsuite> <!-- Default test -->
